<?xml version="1.0" encoding="UTF-8" ?>
<testsuites disabled="0" errors="0" failures="0" tests="4" time="0.045">
 <testsuite name="common.handler.callback.js" timestamp="2019-02-26T16:23:21" hostname="localhost" time="0.037" errors="0" tests="2" skipped="0" disabled="0" failures="0">
  <testcase classname="common.handler.callback.js" name="should generate genericResponseCallback" time="0.007" />
  <testcase classname="common.handler.callback.js" name="should generate genericErrorCallback" time="0.003" />
 </testsuite>
 <testsuite name="common.global.constant.js" timestamp="2019-02-26T16:23:22" hostname="localhost" time="0.003" errors="0" tests="1" skipped="0" disabled="0" failures="0">
  <testcase classname="common.global.constant.js" name="should use constant" time="0.001" />
 </testsuite>
 <testsuite name="index.js" timestamp="2019-02-26T16:23:22" hostname="localhost" time="0.005" errors="0" tests="1" skipped="0" disabled="0" failures="0">
  <testcase classname="index.js" name="should load package" time="0.001" />
 </testsuite>
</testsuites>